<?xml version="1.0" encoding="UTF-8"?>
<!-- Generated by org.testng.reporters.JUnitReportReporter -->
<testsuite hostname="DESKTOP-ID0CB5D" failures="0" tests="1" name="currentDateData.DatePickerForBroadBandTest" time="54.114" errors="0" timestamp="2020-10-11T11:40:47 IST" skipped="0">
  <testcase classname="currentDateData.DatePickerForBroadBandTest" name="datePicker" time="54.114"/>
  <system-out/>
</testsuite> <!-- currentDateData.DatePickerForBroadBandTest -->
